C51 COMPILER V9.01   DELAY                                                                 06/25/2018 15:28:30 PAGE 1   


C51 COMPILER V9.01, COMPILATION OF MODULE DELAY
OBJECT MODULE PLACED IN .\obj\Delay.obj
COMPILER INVOKED BY: C:\Keil\C51\BIN\C51.EXE scr\Delay.c OPTIMIZE(9,SIZE) BROWSE DEBUG OBJECTEXTEND PRINT(.\list\Delay.l
                    -st) OBJECT(.\obj\Delay.obj)

line level    source

   1          /*--------------------------------文*件*信*息-----------------------------
   2          * 文件名：  Delay.c
   3          * 版　本：  v1.0
   4          * 描  述：  100T双轴 整合后的版本
   5          * 创建人：   
   6          * 日  期：   
   7          --------------------------------------------------------------------------
   8          *当前版本:      v1.0
   9          *修 改 人:
  10          *日　  期:
  11          ----------------------------------修改履历--------------------------------
  12          1、
  13          2、
  14          3、
  15          4、
  16          ------------------------------------------------------------------------*/
  17          #include "_Include.h"
  18          //***********************************************************************/
  19          // *功    能：
  20          // *入    口：
  21          // *出    口：
  22          // *备    注：
  23          // *函数性质：
  24          //***********************************************************************/
  25          void delay_100us (void)
  26          {       int16u i;
  27   1              
  28   1              
  29   1              for(i=0;i<45;i++){ ; }
  30   1      }
  31          //***********************************************************************/
  32          void delay_ms_ (void)
  33          {       int8u i;
  34   1              
  35   1              
  36   1              for(i=0;i<10;i++)
  37   1              {       delay_100us();
  38   2              }
  39   1      }
  40          //***********************************************************************/
  41          void delay_ms (int16u n)
  42          {       int16u i;
  43   1              
  44   1              
  45   1              for(i=0;i<n;i++)
  46   1              {       delay_ms_();
  47   2              }
  48   1      }
  49          //***********************************************************************/
  50          //void delay_cyc (int16u n)
  51          //{     
  52          //      while(n--);
  53          //}
  54          //***********************************************************************/
C51 COMPILER V9.01   DELAY                                                                 06/25/2018 15:28:30 PAGE 2   

  55          
  56          


MODULE INFORMATION:   STATIC OVERLAYABLE
   CODE SIZE        =     48    ----
   CONSTANT SIZE    =   ----    ----
   XDATA SIZE       =   ----    ----
   PDATA SIZE       =   ----    ----
   DATA SIZE        =   ----    ----
   IDATA SIZE       =   ----    ----
   BIT SIZE         =   ----    ----
END OF MODULE INFORMATION.


C51 COMPILATION COMPLETE.  0 WARNING(S),  0 ERROR(S)
