C51 COMPILER V9.01   INIT                                                                  06/25/2018 15:28:30 PAGE 1   


C51 COMPILER V9.01, COMPILATION OF MODULE INIT
OBJECT MODULE PLACED IN .\obj\Init.obj
COMPILER INVOKED BY: C:\Keil\C51\BIN\C51.EXE scr\Init.c OPTIMIZE(9,SIZE) BROWSE DEBUG OBJECTEXTEND PRINT(.\list\Init.lst
                    -) OBJECT(.\obj\Init.obj)

line level    source

   1          /*--------------------------------文*件*信*息-----------------------------
   2          * 文件名：  Init.c
   3          * 版　本：  v1.0
   4          * 描  述：  100T双轴 整合后的版本
   5          * 创建人：   
   6          * 日  期：   
   7          --------------------------------------------------------------------------
   8          *当前版本:      v1.0
   9          *修 改 人:
  10          *日　  期:
  11          ----------------------------------修改履历--------------------------------
  12          1、
  13          2、
  14          3、
  15          4、
  16          ------------------------------------------------------------------------*/
  17          #define   __INIT_C__
  18          #include  "_Include.h"
  19          //***********************************************************************/
  20          // *功    能：
  21          // *入    口：
  22          // *出    口：
  23          // *备    注：
  24          // *函数性质：
  25          //***********************************************************************/
  26          void Init_SystemPara (void)
  27          {
  28   1              SendActPosi=1;
  29   1              SendSpeedNum=1;                                         //初始化自动发送频率为每秒钟一次
  30   1          MainTime4Cnt = SendSpeed[SendSpeedNum];     
  31   1      
  32   1      //      TempA=2500;
  33   1              Braud_Num=3;
  34   1              Addr=1;
  35   1      }
  36          //***********************************************************************/
  37          static void Sys_ClkInit (void)
  38          {       int8u SfrPage_ = SFRPAGE;
  39   1              
  40   1              SFRPAGE = CONFIG_PAGE;
  41   1      //      OSCICN = 0xD6;          //12M
  42   1              OSCICN = 0xD5;          //6M
  43   1      //      RSTSRC = 0x04;                                            
  44   1      
  45   1      
  46   1              CLKSEL = 0X00;                          //      选择内部振荡器作为系统时钟
  47   1              while((OSCICN & BIT4) == 0);//  等待时钟稳定
  48   1              VDM0CN = 0xA0;                          //      Enable VDD monitor and high threshold
  49   1              RSTSRC = 0x02;                          //      Enable VDD monitor as a reset source
  50   1      
  51   1              SFRPAGE = SfrPage_;
  52   1      }
  53          //***********************************************************************/
  54          void Sys_PortInit (void)
C51 COMPILER V9.01   INIT                                                                  06/25/2018 15:28:30 PAGE 2   

  55          {       
  56   1              int8u SfrPage_ = SFRPAGE;
  57   1              SFRPAGE  = CONFIG_PAGE;  
  58   1              P0SKIP |= 0x01;         // Skip P0.0 (VREF)
  59   1              P1SKIP |= 0x0E;         // Skip P1.1 P1.2 P1.3(ADC input)                 
  60   1              P0MDOUT  |= 0x50;       
  61   1              P0MDOUT  |= 0x80;                                
  62   1              P0MDIN  &= ~0x01;       // Set VREF to analog
  63   1      //      P1MDOUT  |= 0x08;               
  64   1              P1MDIN  &= ~0x0E;       // Set P1.1 P1.2 P1.3 as an analog input
  65   1              P1MDOUT |= 0x30;          
  66   1              P2MDOUT  |= 0xED;       // Set Push-Pull
  67   1              XBR0      = 0x01;       // Uart Enable                          
  68   1              XBR2      = 0x40;                                                         
  69   1              SFRPAGE = SfrPage_;
  70   1      }
  71          //***********************************************************************/
  72          void Init_All (void)
  73          {
  74   1              Sys_PortInit();         // Initialize Port I/O
  75   1              Sys_ClkInit();          // Initialize Oscillator
  76   1              
  77   1              Comm_HardwareInit();
  78   1              Comm_SoftwareInit();
  79   1              
  80   1              Timer2_Init();
  81   1              Init_SystemPara();
  82   1              AngInit();                              //HXL 12/8/28
  83   1              Adc_Init();                             //HXL 12/8/28
  84   1              Adc_Enable();
  85   1      
  86   1      }
  87          
  88          //***********************************************************************/


MODULE INFORMATION:   STATIC OVERLAYABLE
   CODE SIZE        =    137    ----
   CONSTANT SIZE    =   ----    ----
   XDATA SIZE       =   ----    ----
   PDATA SIZE       =   ----    ----
   DATA SIZE        =   ----    ----
   IDATA SIZE       =   ----    ----
   BIT SIZE         =   ----    ----
END OF MODULE INFORMATION.


C51 COMPILATION COMPLETE.  0 WARNING(S),  0 ERROR(S)
