C51 COMPILER V9.01   KEY                                                                   06/20/2018 14:44:13 PAGE 1   


C51 COMPILER V9.01, COMPILATION OF MODULE KEY
OBJECT MODULE PLACED IN .\obj\Key.obj
COMPILER INVOKED BY: C:\Keil\C51\BIN\C51.EXE scr\Key.c BROWSE DEBUG OBJECTEXTEND PRINT(.\list\Key.lst) OBJECT(.\obj\Key.
                    -obj)

line level    source

   1          /*--------------------------------文*件*信*息-----------------------------
   2          * 文件名：  Key.c
   3          * 版　本：  v1.0
   4          * 描  述：  100T双轴 整合后的版本
   5          * 创建人：   
   6          * 日  期：   
   7          --------------------------------------------------------------------------
   8          *当前版本:      v1.0
   9          *修 改 人:
  10          *日　  期:
  11          ----------------------------------修改履历--------------------------------
  12          1、
  13          2、
  14          3、
  15          4、
  16          ------------------------------------------------------------------------*/
  17          #define  __KEY_C__
  18          #include  "_Include.h"
  19          //***********************************************************************/
  20          // *功    能：
  21          // *入    口：
  22          // *出    口：
  23          // *备    注：
  24          // *函数性质：
  25          //***********************************************************************/
  26          static int8u Key_Down(void)
  27          {   static int16u xdata KeyTime=0;//mS
  28   1      
  29   1      
  30   1          KEY_IO=1;
  31   1          delay_cyc(1);
  32   1          if(KEY_IO!=1)
  33   1          {   
  34   2              if(KeyTime>KEY_TIME2) 
  35   2                              return(FALSE);
  36   2                      KeyDnFlag=1;
  37   2                      KeyTime++;
  38   2                      if(KeyTime==KEY_TIME) 
  39   2                      {       
  40   3                              LedMode=5;
  41   3                              FlashCnt=0;
  42   3                      }
  43   2              if(KeyTime==KEY_TIME2)
  44   2                              return(TRUE);
  45   2                      else
  46   2                      return(FALSE);
  47   2          }
  48   1          else
  49   1          {   
  50   2              KeyDnFlag=0;
  51   2              KeyTime=0;
  52   2                      if(LedMode==5)
  53   2                              LedMode=1;
  54   2              return(FALSE);
C51 COMPILER V9.01   KEY                                                                   06/20/2018 14:44:13 PAGE 2   

  55   2          }
  56   1      }
  57          //***********************************************************************/
  58          void Key_Proc(void)                 //调用频率：15-16ms
  59          {
  60   1              if(FALSE == KeyEnb) return;
  61   1          if(TRUE == Key_Down())
  62   1          {
  63   2                      Led_GreenOn();
  64   2                      Led_RedOn();            
  65   2              SetAngXUsrZero(GetAngXRelSys());
  66   2              SetAngYUsrZero(GetAngYRelSys());    //用户置0);    //HXL 12/8/26整合更新
  67   2              Comm_PutStr("set zero",8);
  68   2              Sub_SendOk();
  69   2              Flash_UserDataUpdate();                         //清零一次，保存一次数据
  70   2              LedMode=6;
  71   2          }
  72   1      }
  73          //***********************************************************************/
  74          


MODULE INFORMATION:   STATIC OVERLAYABLE
   CODE SIZE        =    159    ----
   CONSTANT SIZE    =      9    ----
   XDATA SIZE       =      2    ----
   PDATA SIZE       =   ----    ----
   DATA SIZE        =      2    ----
   IDATA SIZE       =   ----    ----
   BIT SIZE         =   ----    ----
END OF MODULE INFORMATION.


C51 COMPILATION COMPLETE.  0 WARNING(S),  0 ERROR(S)
