C51 COMPILER V9.01   SEND                                                                  06/25/2018 15:28:31 PAGE 1   


C51 COMPILER V9.01, COMPILATION OF MODULE SEND
OBJECT MODULE PLACED IN .\obj\Send.obj
COMPILER INVOKED BY: C:\Keil\C51\BIN\C51.EXE scr\Send.c OPTIMIZE(9,SIZE) BROWSE DEBUG OBJECTEXTEND PRINT(.\list\Send.lst
                    -) OBJECT(.\obj\Send.obj)

line level    source

   1          /*--------------------------------文*件*信*息-----------------------------
   2          * 文件名：  Send.c
   3          * 版　本：  v1.0
   4          * 描  述：  100T双轴 整合后的版本
   5          * 创建人：  
   6          * 日  期：  
   7          --------------------------------------------------------------------------
   8          *当前版本:      v1.0
   9          *修 改 人:
  10          *日　  期:
  11          ----------------------------------修改履历--------------------------------
  12          1、
  13          2、
  14          3、
  15          4、
  16          ------------------------------------------------------------------------*/
  17          #define   __SEND_C__
  18          #include  "_Include.h"
  19          
  20          static void Send_RDeal ( char* buf,int8u n);
  21          static void Send_CDeal ( char* buf,int8u n);
  22          static void Send_SDeal ( char* buf,int8u n);
  23          static void Send_WDeal ( char* buf,int8u n);
  24          //static void Send_TDeal ( char* buf,int8u n);
  25          static void Send_UDeal ( char* buf,int8u n);
  26          
  27          
  28          static struct sensor xdata *px_ax=&accel_x;
  29          static struct sensor xdata *py_ax=&accel_y;     
  30          
  31          
  32          //***********************************************************************/
  33          // *功    能：
  34          // *入    口：CommTimer时间到 ，CommRxFlag有接收完成标志
  35          // *出    口：
  36          // *备    注：
  37          // *函数性质：
  38          //***********************************************************************/
  39          void Send_TimeProc (void)
  40          {   static xdata int8u rx_buf[COMM_RX_BUF_SIZE];
  41   1          static int8u* ptr;
  42   1          static int8u i;
  43   1          static int8u err;
  44   1          static int8u cmd;
  45   1      
  46   1      //    if(COMM_TRAN==Comm_StateGet()) return;             //COMM_TRAN==0，CommTimer减到0返回1进入COM处理，CommTimer减
             -没到0返回0
  47   1          if(CommRxFlag==0)   return;                                  //接收标志
  48   1      
  49   1          CommRxFlag = 0;
  50   1          ptr=rx_buf;                                                                  
  51   1          for(i=0;i<COMM_RX_BUF_SIZE;i++)
  52   1          {   
  53   2                      *ptr++=Comm_GetChar(&err);                                //将接收缓冲区的数据 取出存入 rx_buf
C51 COMPILER V9.01   SEND                                                                  06/25/2018 15:28:31 PAGE 2   

  54   2              if(err==COMM_RX_EPT)                                     //COMM_RX_EPT ==1      取完标志
  55   2              break;
  56   2          }
  57   1          if(i<3)
  58   1          {
  59   2          #ifdef  COMM_485
  60   2              if(SendActPosi == 0)
  61   2              {  
  62   3                               MainTime4Cnt = 2000;
  63   3              }
  64   2          #endif
  65   2              return;
  66   2          }
  67   1      #if MODBUS_CHECK_ENB==1
  68   1          if((rx_buf[0] == Addr) || (rx_buf[0] == 0))    //支持广播方式
  69   1          {
  70   2      
  71   2              ModRtu_RxProc(rx_buf,i);
  72   2              return;
  73   2          }
  74   1      #endif
  75   1          if((0x0D!=rx_buf[i-2])||(0x0A!=rx_buf[i-1]))         //判断后两位数据是否是回车换行
  76   1          {   
  77   2          #ifdef  COMM_485
  78   2              if(SendActPosi == 0)
  79   2              {   
  80   3                              MainTime4Cnt = 2000;
  81   3              }
  82   2          #endif
  83   2              return;
  84   2          }
  85   1          cmd=rx_buf[0];
  86   1          switch(cmd)
  87   1          { case 'r': if(1!=SendActPosi)return;   //SendActPosi=0:主动发送模式，=1：应答模式
  88   2                      Send_RDeal(rx_buf,i);
  89   2                      break;
  90   2            case 'c': if(1!=SendActPosi)return;
  91   2                      Send_CDeal(rx_buf,i);
  92   2                      break;
  93   2            case 's': Send_SDeal(rx_buf,i);
  94   2                      break;
  95   2            case 'u': Send_UDeal(rx_buf,i);
  96   2                      break;
  97   2            case 'w': if(1!=SendActPosi)return;
  98   2                      Send_WDeal(rx_buf,i);
  99   2                      break;
 100   2      //      case 't': if(1!=SendActPosi)return;
 101   2      //                Send_TDeal(rx_buf,i);
 102   2      //                break;
 103   2          }
 104   1      }
 105          //***********************************************************************/
 106          // *功    能：
 107          // *入    口：
 108          // *出    口：
 109          // *备    注：
 110          // *函数性质：
 111          //***********************************************************************/
 112          static void Send_RDeal ( char* buf,int8u n)
 113          {   int8u data_8u;
 114   1      
 115   1          if(0==strncmp(buf,"rd m all",8))
C51 COMPILER V9.01   SEND                                                                  06/25/2018 15:28:31 PAGE 3   

 116   1          {   if(n!=10)return;
 117   2              Sub_SendPrmtAll();
 118   2          }
 119   1          else if(0==strncmp(buf,"rd ang s",8))
 120   1          {   if(n!=10)return;
 121   2              Sub_SendAngXYP();
 122   2          }
 123   1          else if(0==strncmp(buf,"rd ang",6))
 124   1          {   if(n!=8)return;
 125   2              Sub_SendAngXY();
 126   2          }
 127   1          else if(0==strncmp(buf,"rd ver",6))
 128   1          {   if(n!=8)return;
 129   2              Sub_SendSoftVer();
 130   2          }
 131   1          else if(0==strncmp(buf,"rd sn",5))
 132   1          {   if(n!=7)return;
 133   2              Sub_SendSysNum();
 134   2          }
 135   1          else if(0==strncmp(buf,"rd id",5))
 136   1          {   if(n!=7)return;
 137   2              Sub_SendID();
 138   2          }
 139   1          else if(0==strncmp(buf,"rd x offset",11))
 140   1          {   if(n!=13)return;
 141   2              Comm_PutStr("x offset,",9);
 142   2              Sub_SendOffset(GetAngXInst());                 // 获取安装角
 143   2          }
 144   1          else if(0==strncmp(buf,"rd y offset",11))
 145   1          {   if(n!=13)return;
 146   2              Comm_PutStr("y offset,",9);
 147   2              Sub_SendOffset(GetAngYInst());                            // 获取安装角
 148   2          }
 149   1          else if(0==strncmp(buf,"rd x cal,",9))
 150   1          {   if(n!=13)return;
 151   2              data_8u=Sub_Str2Int8u(&buf[9]);
 152   2              if(data_8u>=ANG_CAL_NUM){Sub_SendErr();return;}
 153   2              Sub_SendAngXCal(data_8u);
 154   2          }
 155   1          else if(0==strncmp(buf,"rd y cal,",9))
 156   1          {   if(n!=13)return;
 157   2              data_8u=Sub_Str2Int8u(&buf[9]);
 158   2              if(data_8u>=ANG_CAL_NUM){Sub_SendErr();return;}
 159   2              Sub_SendAngYCal(data_8u);
 160   2          }
 161   1          else Sub_SendErr();
 162   1      }
 163          //***********************************************************************/
 164          // *功    能：
 165          // *入    口：
 166          // *出    口：
 167          // *备    注：
 168          // *函数性质：
 169          //***********************************************************************/
 170          static void Send_CDeal ( char* buf,int8u n)
 171          {
 172   1          if(0==strncmp(buf,"clr zero internal",17))  //温度补尝后再进做一次0点校准(清零)
 173   1          {   if(n!=19)Sub_SendErr();
 174   2              SetAngXSysZero(0);
 175   2              SetAngYSysZero(0);                      
 176   2              Comm_PutStr(buf,17);
 177   2              Sub_SendOk();
C51 COMPILER V9.01   SEND                                                                  06/25/2018 15:28:31 PAGE 4   

 178   2          }
 179   1          else if(0==strncmp(buf,"clr zero",8))               //用户清零
 180   1          {   if(n!=10)return;
 181   2              Comm_PutStr(buf,8);
 182   2              Sub_SendOk();
 183   2              SetAngXUsrZero(0);
 184   2              SetAngYUsrZero(0);
 185   2          }
 186   1      
 187   1      
 188   1          else if(0==strncmp(buf,"cal x sta",9))  //x开始校准
 189   1          {   if(n!=11)return;
 190   2              if(TRUE==Adc_XCalSta())
 191   2              {   Comm_PutStr(buf,9);
 192   3                  Sub_SendOk();
 193   3              }
 194   2              else Sub_SendErr();
 195   2          }
 196   1          else if(0==strncmp(buf,"cal x stop",10))    //x结束校准
 197   1          {   if(n!=12)return;
 198   2              if(TRUE==Adc_XCalStop())
 199   2              {   Comm_PutStr(buf,10);
 200   3                  Sub_SendOk();
 201   3                  SetAngXSysZero(0);//X结束校准完，X轴相对测量值归0(内部清零）
 202   3                  SetAngXUsrZero(0); //X结束校准完，X轴相对测量值归0(用户清零）
 203   3      
 204   3              }
 205   2              else Sub_SendErr();
 206   2          }
 207   1          else if(0==strncmp(buf,"cal y sta",9))  //y开始校准
 208   1          {   if(n!=11)return;
 209   2              if(TRUE==Adc_YCalSta())
 210   2              {   Comm_PutStr(buf,9);
 211   3                  Sub_SendOk();
 212   3              }
 213   2              else Sub_SendErr();
 214   2          }
 215   1          else if(0==strncmp(buf,"cal y stop",10))    //y结束校准
 216   1          {   if(n!=12)return;
 217   2              if(TRUE==Adc_YCalStop())
 218   2              {   Comm_PutStr(buf,10);
 219   3                  Sub_SendOk();
 220   3                  SetAngYSysZero(0);//Y结束校准完，X轴相对测量值归0(内部清零）
 221   3                  SetAngYUsrZero(0);// Y结束校准完，Y轴相对测量值归0(用户清零）
 222   3              }
 223   2              else Sub_SendErr();
 224   2          }
 225   1      
 226   1      }
 227          //***********************************************************************/
 228          // *功    能：
 229          // *入    口：
 230          // *出    口：
 231          // *备    注：
 232          // *函数性质：
 233          //***********************************************************************/
 234          static void Send_SDeal ( char* buf,int8u n)
 235          {   int8u data_ram,data_8u;
 236   1          int32s data_32s;
 237   1          int8u i;
 238   1          int8u SfrPage_ = SFRPAGE;
 239   1      
C51 COMPILER V9.01   SEND                                                                  06/25/2018 15:28:31 PAGE 5   

 240   1          if(0==strncmp(buf,"set mode p",10)  )       //set mode p
 241   1          {   if(n!=12)return;
 242   2              Comm_PutStr("set mode p",10);
 243   2              Sub_SendOk();
 244   2              SendActPosi=1;                                                  //SendActPosi=0:主动发送模式，=1：应答模式
 245   2          }
 246   1          else if(0==strncmp(buf,"set mode a",10))    //set mode a
 247   1          {   if(n!=12)return;
 248   2              Comm_PutStr("set mode a",10);
 249   2              Sub_SendOk();
 250   2              SendActPosi=0;                                                  //SendActPosi=0:主动发送模式，=1：应答模式
 251   2              if((Braud_Num < 3)&&(SendSpeedNum > 4))
 252   2              {
 253   3                  SendSpeedNum = 3;
 254   3              }
 255   2          }
 256   1          else if((0==strncmp(buf,"set bps ",8))&&(0==SendActPosi))   //set bps n
 257   1          {   if(n!=11)return;
 258   2              if(((buf[8]-'0')>=0)&&((buf[8]-'0')<10))
 259   2              {
 260   3                  i = buf[8]-'0';
 261   3                  if((i > 3)&&(Braud_Num > 2)||(i < 4))               ///2011-11-10 14:24修改波特率低于9600时发送频率不能高于
             -4次每秒
 262   3      
 263   3                  {
 264   4                      SendSpeedNum= i;
 265   4                      Comm_PutStr(buf,9);
 266   4                      Sub_SendOk();
 267   4                  }
 268   3                  else
 269   3                  {
 270   4                      Sub_SendErr();
 271   4                  }
 272   3                  MainTime4Cnt=SendSpeed[SendSpeedNum];
 273   3              }
 274   2              else if((buf[8]=='t')&&(SendSpeedNum==0))
 275   2              {   Sub_SendAngXY();
 276   3              }
 277   2              else Sub_SendErr();
 278   2          }
 279   1          else if(1!=SendActPosi)return;                              //以下指令全部在SendActPosi==1 时才有效
 280   1      
 281   1          else if(0==strncmp(buf,"set filter1 num,",16))              //滤波系数可设
 282   1          {   if(n!=20)return;
 283   2              data_8u=Sub_Str2Int8u(&buf[16]);
 284   2              if((data_8u>99)||(data_8u<1)){Sub_SendErr();return;}
 285   2              SetFilterCnt(data_8u);                  
 286   2              Comm_PutStr(buf,18);
 287   2              Sub_SendOk();
 288   2          }
 289   1          else if(0==strncmp(buf,"set zero internal",17))             //内部置0
 290   1          {   if(n!=19)return;
 291   2              SetAngXSysZero(GetXAng());
 292   2              SetAngYSysZero(GetYAng());            
 293   2              Comm_PutStr(buf,17);
 294   2              Sub_SendOk();
 295   2          }
 296   1          else if(0==strncmp(buf,"set zero",8))       
 297   1          {   if(n!=10)return;
 298   2                  SetAngXUsrZero(GetAngXRelSys());
 299   2              SetAngYUsrZero(GetAngYRelSys());                //用户置0（获取系统置0）
 300   2                      Comm_PutStr(buf,8);
C51 COMPILER V9.01   SEND                                                                  06/25/2018 15:28:31 PAGE 6   

 301   2              Sub_SendOk();
 302   2          }
 303   1          else if(0==strncmp(buf,"set x offset,",13))     //设置安装角
 304   1          {   if(n!=22)return;
 305   2              if(Sub_Str2Int32s(&data_32s,&buf[13])==FALSE){Sub_SendErr();return;}
 306   2              Comm_PutStr(buf,20);
 307   2              Sub_SendOk();
 308   2              SetAngXInst(data_32s);                      
 309   2          }
 310   1          else if(0==strncmp(buf,"set y offset,",13))     //
 311   1          {   if(n!=22)return;
 312   2              if(Sub_Str2Int32s(&data_32s,&buf[13])==FALSE){Sub_SendErr();return;}
 313   2              Comm_PutStr(buf,20);
 314   2              Sub_SendOk();
 315   2              SetAngYInst(data_32s);                  
 316   2          }
 317   1          else if(0==strncmp(buf,"set ang num,",12))          //角度校准点数可设
 318   1          {   if(n!=16)return;
 319   2              data_ram = Sub_Str2Int8u(&buf[12]);
 320   2              if((data_ram>ANG_CAL_NUM)||(data_ram<2))return;
 321   2              SetAngCalCnt(data_ram);
 322   2              Comm_PutStr(buf,14);
 323   2              Sub_SendOk();
 324   2          }                                            
 325   1          else if(0==strncmp(buf,"samp x,",7))            //X轴校准
 326   1          {   if(n!=16)return;
 327   2              if(Sub_Str2Int32s(&data_32s,&buf[7])==FALSE){Sub_SendErr();return;}
 328   2              if(TRUE==Adc_XCalProc(data_32s,GetXFtVal()))   
 329   2              {   Comm_PutStr(&buf[5],9);
 330   3                  Comm_PutChar(',');
 331   3                  Comm_PutInt16u(GetXFtVal());
 332   3                  Sub_SendOk();
 333   3              }
 334   2              else Sub_SendErr();
 335   2          }
 336   1          else if(0==strncmp(buf,"single samp x,",14))    //X轴单点校准     Ang_Xcal.angarr[i]
 337   1          {   if(n!=23)return;
 338   2              if(Sub_Str2Int32s(&data_32s,&buf[14])==FALSE){Sub_SendErr();return;}
 339   2              if((GetAngXCalCnt()<1)||(FALSE == AngChkDiff(data_32s,GetXFtVal(),GetAngXCalCnt(),px_ax->angcal->a
             -ngarr,px_ax->angcal->adcarr))) //
 340   2      
 341   2              {   Sub_SendErr();
 342   3                  return;
 343   3              }
 344   2              Comm_PutStr(&buf[0],21);
 345   2              Comm_PutChar(',');
 346   2              Comm_PutInt16u(GetXFtVal());
 347   2              Sub_SendOk();
 348   2              ACalXId=GetAngXCalCnt();                         //@取XS校 
 349   2              MenuId=MOD_X_CAL;
 350   2              Adc_XCalStop();
 351   2          }
 352   1          else if(0==strncmp(buf,"samp y,",7))        //Y轴校准
 353   1          {   if(n!=16)return;
 354   2              if(Sub_Str2Int32s(&data_32s,&buf[7])==FALSE){Sub_SendErr();return;}
 355   2              if(TRUE==Adc_YCalProc(data_32s,GetYFtVal()))    
 356   2              {   Comm_PutStr(&buf[5],9);
 357   3                  Comm_PutChar(',');
 358   3                  Comm_PutInt16u(GetYFtVal());                
 359   3                  Sub_SendOk();
 360   3              }
 361   2              else Sub_SendErr();
C51 COMPILER V9.01   SEND                                                                  06/25/2018 15:28:31 PAGE 7   

 362   2          }
 363   1          else if(0==strncmp(buf,"single samp y,",14))    //Y轴单点校准
 364   1          {   if(n!=23)return;
 365   2              if(Sub_Str2Int32s(&data_32s,&buf[14])==FALSE){Sub_SendErr();return;}
 366   2              if((GetAngXCalCnt()<1)||(FALSE == AngChkDiff(data_32s,GetYFtVal(),GetAngXCalCnt(),py_ax->angcal->a
             -ngarr,py_ax->angcal->adcarr)))
 367   2      
 368   2              {   Sub_SendErr();
 369   3                  return;
 370   3              }
 371   2              Comm_PutStr(&buf[0],21);
 372   2              Comm_PutChar(',');
 373   2              Comm_PutInt16u(GetYFtVal());
 374   2      
 375   2              Sub_SendOk();
 376   2              ACalYId=GetAngXCalCnt();    
 377   2              MenuId=MOD_Y_CAL;
 378   2              Adc_YCalStop();
 379   2          }
 380   1          else if(0==strncmp(buf,"set baud ",9))//设置UART通信参数
 381   1          {
 382   2              if(n!=12)return;
 383   2              data_8u = buf[9]-'0';
 384   2              if(data_8u>9)return;
 385   2              Braud_Num=data_8u;
 386   2              Comm_PutStr(buf,10);
 387   2              Sub_SendOk();
 388   2              delay_ms(500);
 389   2              SFRPAGE = 0x0F;
 390   2              SBRL0   = -(SYSCLK / Braud[Braud_Num] / 2);//设置波特率   SFRPAGE=0x0F     SBRL0 = -(SYSCLK / BAUD
             -RATE / 2);
 391   2              SFRPAGE = SfrPage_;
 392   2          }
 393   1                                
 394   1      }
 395          //***********************************************************************/
 396          // *功    能：
 397          // *入    口：
 398          // *出    口：
 399          // *备    注：
 400          // *函数性质：
 401          //***********************************************************************/
 402          static void Send_WDeal ( char* buf,int8u n)
 403          {  
 404   1              if(0==strncmp(buf,"wr sn,",6))//写产品编号
 405   1          {   if(n!=(SystemVerNum+8))
 406   2              {   Sub_SendErr();
 407   3                  return;
 408   3              }
 409   2              strncpy(SystemVer,&buf[6],SystemVerNum);
 410   2              Comm_PutStr(buf,(SystemVerNum+6));
 411   2              Sub_SendOk();
 412   2          }
 413   1      }
 414          //***********************************************************************/
 415          // *功    能：
 416          // *入    口：
 417          // *出    口：
 418          // *备    注：
 419          // *函数性质：
 420          //***********************************************************************/
 421          static void Send_UDeal( char* buf,int8u n)
C51 COMPILER V9.01   SEND                                                                  06/25/2018 15:28:31 PAGE 8   

 422          {
 423   1          if(0==strncmp(buf,"update flash sys",16))
 424   1          {
 425   2      
 426   2              if(n!=18)return;
 427   2              Flash_CalDataUpdate();//保存一次数据
 428   2              Comm_PutStr(buf,16);
 429   2              Sub_SendOk();
 430   2      
 431   2          }
 432   1          else if(0==strncmp(buf,"update flash ",12))
 433   1          {
 434   2              if(n!=14)return;
 435   2              Flash_UserDataUpdate();
 436   2              Comm_PutStr(buf,12);
 437   2              Sub_SendOk();
 438   2          }
 439   1      
 440   1          else Sub_SendErr();
 441   1      }
 442          
 443          
 444          
 445          //***********************************************************************/
 446          // *功    能：
 447          // *入    口：
 448          // *出    口：
 449          // *备    注：
 450          // *函数性质：
 451          //***********************************************************************/
 452          //static void Send_TDeal( char* buf,int8u n)
 453          //{
 454          //    if(0==strncmp(buf,"t cal test",10))
 455          //    {   if(n!=12)return;
 456          //        Sub_SendTCalTest();
 457          //    }
 458          //}
 459          
 460          //***********************************************************************/


MODULE INFORMATION:   STATIC OVERLAYABLE
   CODE SIZE        =   2536    ----
   CONSTANT SIZE    =    447    ----
   XDATA SIZE       =    201    ----
   PDATA SIZE       =   ----    ----
   DATA SIZE        =     10      27
   IDATA SIZE       =   ----    ----
   BIT SIZE         =   ----    ----
END OF MODULE INFORMATION.


C51 COMPILATION COMPLETE.  0 WARNING(S),  0 ERROR(S)
